FileVersion:	2


ResolutionOfTime:	 Milliseconds 


Experiment: VR Rooms 
BackgroundColor: 	0	0	0
TextColor:	255	255	255
TimeCourseColor:	255	255	255
TimeCourseThick:	3
ReferenceFuncColor:	255	255	0
ReferenceFuncThick:	3

NrOfConditions:	51

1
1
6000	12000	

Color:	44	59	112

2
1
24000	30000	

Color:	80	236	110

3
1
42000	48000	

Color:	48	231	250

4
1
60000	66000	

Color:	112	29	66

5
1
78000	84000	

Color:	105	152	67

6
1
96000	102000	

Color:	154	182	57

7
1
114000	120000	

Color:	30	76	82

8
1
132000	138000	

Color:	109	130	22

9
1
150000	156000	

Color:	67	205	8

10
1
168000	174000	

Color:	237	187	125

11
1
186000	192000	

Color:	148	61	118

12
1
204000	210000	

Color:	246	140	133

13
1
222000	228000	

Color:	60	125	160

14
1
240000	246000	

Color:	174	101	94

15
1
258000	264000	

Color:	252	10	226

16
1
276000	282000	

Color:	233	204	26

17
1
294000	300000	

Color:	67	86	174

18
1
312000	318000	

Color:	35	184	28

19
1
330000	336000	

Color:	167	127	199

20
1
348000	354000	

Color:	183	231	228

21
1
366000	372000	

Color:	86	179	51

22
1
384000	390000	

Color:	8	190	128

23
1
402000	408000	

Color:	123	231	156

24
1
420000	426000	

Color:	158	220	206

25
1
438000	444000	

Color:	148	47	62

26
1
456000	462000	

Color:	227	8	125

27
1
474000	480000	

Color:	43	250	182

28
1
492000	498000	

Color:	128	121	16

29
1
510000	516000	

Color:	174	11	19

30
1
528000	534000	

Color:	134	25	209

31
1
546000	552000	

Color:	209	185	39

32
1
564000	570000	

Color:	169	133	249

33
1
582000	588000	

Color:	166	205	116

34
1
600000	606000	

Color:	111	211	22

35
1
618000	624000	

Color:	34	45	100

36
1
636000	642000	

Color:	213	205	16

37
1
654000	660000	

Color:	102	135	107

38
1
672000	678000	

Color:	168	161	75

39
1
690000	696000	

Color:	111	4	251

40
1
708000	714000	

Color:	43	28	95

41
1
726000	732000	

Color:	51	125	87

42
1
744000	750000	

Color:	243	235	14

43
1
762000	768000	

Color:	189	69	108

44
1
780000	786000	

Color:	140	241	107

45
1
798000	804000	

Color:	251	77	179

46
1
816000	822000	

Color:	170	138	179

47
1
834000	840000	

Color:	170	46	33

48
1
852000	858000	

Color:	255	44	9

Target
1
870000	882000	

Color:	144	225	171

Border
1
894000	906000	

Color:	49	95	118

Surround
1
918000	930000	

Color:	251	40	219

