FileVersion:	2


ResolutionOfTime:	 Milliseconds 


Experiment: VR Rooms 
BackgroundColor: 	0	0	0
TextColor:	255	255	255
TimeCourseColor:	255	255	255
TimeCourseThick:	3
ReferenceFuncColor:	255	255	0
ReferenceFuncThick:	3

NrOfConditions:	9

Office 1
8
6000	12000	
114000	120000	
222000	228000	
330000	336000	
438000	444000	
546000	552000	
654000	660000	
762000	768000	

Color:	237	198	125

Office 2
8
24000	30000	
132000	138000	
240000	246000	
348000	354000	
456000	462000	
564000	570000	
672000	678000	
780000	786000	

Color:	112	114	79

Office 8
8
42000	48000	
150000	156000	
258000	264000	
366000	372000	
474000	480000	
582000	588000	
690000	696000	
798000	804000	

Color:	130	131	209

City 1
8
60000	66000	
168000	174000	
276000	282000	
384000	390000	
492000	498000	
600000	606000	
708000	714000	
816000	822000	

Color:	203	165	97

City 2
8
78000	84000	
186000	192000	
294000	300000	
402000	408000	
510000	516000	
618000	624000	
726000	732000	
834000	840000	

Color:	207	136	90

City 8
8
96000	102000	
204000	210000	
312000	318000	
420000	426000	
528000	534000	
636000	642000	
744000	750000	
852000	858000	

Color:	240	224	141

Target
1
870000	882000	

Color:	159	150	53

Border
1
894000	906000	

Color:	77	121	59

Surround
1
918000	930000	

Color:	216	50	58

