FileVersion:	2


ResolutionOfTime:	 Milliseconds 


Experiment: VR Rooms 
BackgroundColor: 	0	0	0
TextColor:	255	255	255
TimeCourseColor:	255	255	255
TimeCourseThick:	3
ReferenceFuncColor:	255	255	0
ReferenceFuncThick:	3

NrOfConditions:	51

1
1
6000	12000	

Color:	183	73	229

2
1
17000	23000	

Color:	211	100	127

3
1
31000	37000	

Color:	178	213	156

4
1
46000	52000	

Color:	147	84	117

5
1
58000	64000	

Color:	183	226	184

6
1
71000	77000	

Color:	5	173	112

7
1
82000	88000	

Color:	112	30	208

8
1
95000	101000	

Color:	83	63	88

9
1
111000	117000	

Color:	96	140	144

10
1
125000	131000	

Color:	101	102	132

11
1
140000	146000	

Color:	168	243	185

12
1
155000	161000	

Color:	103	213	35

13
1
170000	176000	

Color:	16	22	42

14
1
184000	190000	

Color:	83	77	3

15
1
194000	200000	

Color:	138	25	38

16
1
205000	211000	

Color:	161	220	249

17
1
221000	227000	

Color:	146	255	142

18
1
231000	237000	

Color:	132	85	110

19
1
241000	247000	

Color:	126	19	227

20
1
257000	263000	

Color:	17	112	211

21
1
267000	273000	

Color:	101	157	209

22
1
282000	288000	

Color:	226	238	49

23
1
296000	302000	

Color:	66	229	152

24
1
308000	314000	

Color:	129	157	209

25
1
321000	327000	

Color:	136	52	116

26
1
335000	341000	

Color:	110	247	159

27
1
351000	357000	

Color:	178	184	89

28
1
365000	371000	

Color:	132	142	40

29
1
380000	386000	

Color:	144	178	109

30
1
395000	401000	

Color:	214	187	92

31
1
407000	413000	

Color:	116	99	198

32
1
421000	427000	

Color:	188	110	177

33
1
432000	438000	

Color:	242	200	180

34
1
443000	449000	

Color:	28	100	151

35
1
456000	462000	

Color:	118	13	59

36
1
469000	475000	

Color:	213	4	221

37
1
481000	487000	

Color:	20	171	128

38
1
497000	503000	

Color:	56	146	32

39
1
507000	513000	

Color:	172	153	15

40
1
523000	529000	

Color:	15	39	6

41
1
534000	540000	

Color:	111	213	158

42
1
550000	556000	

Color:	133	221	25

43
1
562000	568000	

Color:	232	28	132

44
1
574000	580000	

Color:	37	143	2

45
1
584000	590000	

Color:	196	217	234

46
1
596000	602000	

Color:	252	129	70

47
1
609000	615000	

Color:	26	130	150

48
1
619000	625000	

Color:	195	22	169

Target
1
630000	642000	

Color:	132	44	240

Border
1
654000	666000	

Color:	151	113	241

Surround
1
678000	690000	

Color:	168	116	215

