FileVersion:	2


ResolutionOfTime:	 Milliseconds 


Experiment: VR Rooms 
BackgroundColor: 	0	0	0
TextColor:	255	255	255
TimeCourseColor:	255	255	255
TimeCourseThick:	3
ReferenceFuncColor:	255	255	0
ReferenceFuncThick:	3

NrOfConditions:	9

Office 1
8
6000	12000	
82000	88000	
170000	176000	
241000	247000	
321000	327000	
407000	413000	
481000	487000	
562000	568000	

Color:	124	193	107

Office 2
8
17000	23000	
95000	101000	
184000	190000	
257000	263000	
335000	341000	
421000	427000	
497000	503000	
574000	580000	

Color:	248	252	221

Office 8
8
31000	37000	
111000	117000	
194000	200000	
267000	273000	
351000	357000	
432000	438000	
507000	513000	
584000	590000	

Color:	100	116	63

City 1
8
46000	52000	
125000	131000	
205000	211000	
282000	288000	
365000	371000	
443000	449000	
523000	529000	
596000	602000	

Color:	201	226	233

City 2
8
58000	64000	
140000	146000	
221000	227000	
296000	302000	
380000	386000	
456000	462000	
534000	540000	
609000	615000	

Color:	143	153	38

City 8
8
71000	77000	
155000	161000	
231000	237000	
308000	314000	
395000	401000	
469000	475000	
550000	556000	
619000	625000	

Color:	230	115	53

Target
1
630000	642000	

Color:	230	195	226

Border
1
654000	666000	

Color:	73	172	170

Surround
1
678000	690000	

Color:	32	104	71

