FileVersion:	2


ResolutionOfTime:	 Milliseconds 


Experiment: VR Rooms 
BackgroundColor: 	0	0	0
TextColor:	255	255	255
TimeCourseColor:	255	255	255
TimeCourseThick:	3
ReferenceFuncColor:	255	255	0
ReferenceFuncThick:	3

NrOfConditions:	51

1
1
6000	18000	

Color:	211	202	82

2
1
30000	42000	

Color:	137	23	29

3
1
54000	66000	

Color:	35	174	127

4
1
78000	90000	

Color:	49	127	38

5
1
102000	114000	

Color:	15	217	143

6
1
126000	138000	

Color:	238	178	149

7
1
150000	162000	

Color:	208	225	253

8
1
174000	186000	

Color:	1	221	157

9
1
198000	210000	

Color:	253	135	123

10
1
222000	234000	

Color:	205	59	128

11
1
246000	258000	

Color:	230	147	216

12
1
270000	282000	

Color:	189	150	63

13
1
294000	306000	

Color:	170	22	160

14
1
318000	330000	

Color:	169	187	228

15
1
342000	354000	

Color:	251	197	149

16
1
366000	378000	

Color:	237	148	5

17
1
390000	402000	

Color:	31	220	124

18
1
414000	426000	

Color:	216	54	141

19
1
438000	450000	

Color:	161	9	157

20
1
462000	474000	

Color:	93	13	125

21
1
486000	498000	

Color:	50	32	53

22
1
510000	522000	

Color:	38	49	11

23
1
534000	546000	

Color:	162	72	138

24
1
558000	570000	

Color:	178	128	137

25
1
582000	594000	

Color:	114	32	126

26
1
606000	618000	

Color:	218	223	69

27
1
630000	642000	

Color:	54	145	164

28
1
654000	666000	

Color:	107	53	242

29
1
678000	690000	

Color:	21	27	37

30
1
702000	714000	

Color:	43	159	147

31
1
726000	738000	

Color:	14	238	186

32
1
750000	762000	

Color:	189	17	220

33
1
774000	786000	

Color:	239	252	220

34
1
798000	810000	

Color:	201	131	46

35
1
822000	834000	

Color:	102	35	8

36
1
846000	858000	

Color:	240	77	76

37
1
870000	882000	

Color:	85	120	166

38
1
894000	906000	

Color:	7	215	143

39
1
918000	930000	

Color:	218	89	114

40
1
942000	954000	

Color:	14	46	170

41
1
966000	978000	

Color:	85	230	31

42
1
990000	1002000	

Color:	253	138	181

43
1
1014000	1026000	

Color:	255	74	106

44
1
1038000	1050000	

Color:	119	195	209

45
1
1062000	1074000	

Color:	26	46	92

46
1
1086000	1098000	

Color:	15	134	86

47
1
1110000	1122000	

Color:	45	54	231

48
1
1134000	1146000	

Color:	173	120	233

Target
1
1158000	1170000	

Color:	27	191	188

Border
1
1182000	1194000	

Color:	144	47	153

Surround
1
1206000	1218000	

Color:	77	35	55

