FileVersion:	2


ResolutionOfTime:	 Milliseconds 


Experiment: VR Rooms 
BackgroundColor: 	0	0	0
TextColor:	255	255	255
TimeCourseColor:	255	255	255
TimeCourseThick:	3
ReferenceFuncColor:	255	255	0
ReferenceFuncThick:	3

NrOfConditions:	9

Office 1
8
6000	18000	
150000	162000	
294000	306000	
438000	450000	
582000	594000	
726000	738000	
870000	882000	
1014000	1026000	

Color:	210	110	227

Office 2
8
30000	42000	
174000	186000	
318000	330000	
462000	474000	
606000	618000	
750000	762000	
894000	906000	
1038000	1050000	

Color:	100	197	102

Office 8
8
54000	66000	
198000	210000	
342000	354000	
486000	498000	
630000	642000	
774000	786000	
918000	930000	
1062000	1074000	

Color:	207	193	97

City 1
8
78000	90000	
222000	234000	
366000	378000	
510000	522000	
654000	666000	
798000	810000	
942000	954000	
1086000	1098000	

Color:	56	202	243

City 2
8
102000	114000	
246000	258000	
390000	402000	
534000	546000	
678000	690000	
822000	834000	
966000	978000	
1110000	1122000	

Color:	84	172	112

City 8
8
126000	138000	
270000	282000	
414000	426000	
558000	570000	
702000	714000	
846000	858000	
990000	1002000	
1134000	1146000	

Color:	213	197	43

Target
1
1158000	1170000	

Color:	220	253	132

Border
1
1182000	1194000	

Color:	226	150	40

Surround
1
1206000	1218000	

Color:	51	104	191

