FileVersion:	2


ResolutionOfTime:	 Milliseconds 


Experiment: VR Rooms 
BackgroundColor: 	0	0	0
TextColor:	255	255	255
TimeCourseColor:	255	255	255
TimeCourseThick:	3
ReferenceFuncColor:	255	255	0
ReferenceFuncThick:	3

NrOfConditions:	9

Office 1
8
6000	18000	
114000	126000	
222000	234000	
330000	342000	
438000	450000	
546000	558000	
654000	666000	
762000	774000	

Color:	40	219	165

Office 2
8
24000	36000	
132000	144000	
240000	252000	
348000	360000	
456000	468000	
564000	576000	
672000	684000	
780000	792000	

Color:	96	49	110

Office 8
8
42000	54000	
150000	162000	
258000	270000	
366000	378000	
474000	486000	
582000	594000	
690000	702000	
798000	810000	

Color:	123	31	151

City 1
8
60000	72000	
168000	180000	
276000	288000	
384000	396000	
492000	504000	
600000	612000	
708000	720000	
816000	828000	

Color:	58	99	149

City 2
8
78000	90000	
186000	198000	
294000	306000	
402000	414000	
510000	522000	
618000	630000	
726000	738000	
834000	846000	

Color:	65	75	158

City 8
8
96000	108000	
204000	216000	
312000	324000	
420000	432000	
528000	540000	
636000	648000	
744000	756000	
852000	864000	

Color:	68	211	251

Target
1
870000	882000	

Color:	187	88	149

Border
1
894000	906000	

Color:	28	232	225

Surround
1
918000	930000	

Color:	209	67	152

