FileVersion:	2


ResolutionOfTime:	 Milliseconds 


Experiment: VR Rooms 
BackgroundColor: 	0	0	0
TextColor:	255	255	255
TimeCourseColor:	255	255	255
TimeCourseThick:	3
ReferenceFuncColor:	255	255	0
ReferenceFuncThick:	3

NrOfConditions:	51

1
1
6000	18000	

Color:	6	109	80

2
1
24000	36000	

Color:	42	46	108

3
1
42000	54000	

Color:	25	153	121

4
1
60000	72000	

Color:	178	179	163

5
1
78000	90000	

Color:	9	18	82

6
1
96000	108000	

Color:	136	167	104

7
1
114000	126000	

Color:	210	184	248

8
1
132000	144000	

Color:	136	83	27

9
1
150000	162000	

Color:	156	199	108

10
1
168000	180000	

Color:	24	68	40

11
1
186000	198000	

Color:	72	113	135

12
1
204000	216000	

Color:	117	224	133

13
1
222000	234000	

Color:	241	163	245

14
1
240000	252000	

Color:	62	173	74

15
1
258000	270000	

Color:	172	178	18

16
1
276000	288000	

Color:	65	58	171

17
1
294000	306000	

Color:	216	88	200

18
1
312000	324000	

Color:	173	2	154

19
1
330000	342000	

Color:	99	234	1

20
1
348000	360000	

Color:	118	109	118

21
1
366000	378000	

Color:	197	83	201

22
1
384000	396000	

Color:	121	10	45

23
1
402000	414000	

Color:	185	121	39

24
1
420000	432000	

Color:	87	155	49

25
1
438000	450000	

Color:	189	62	234

26
1
456000	468000	

Color:	69	196	49

27
1
474000	486000	

Color:	74	24	147

28
1
492000	504000	

Color:	175	140	109

29
1
510000	522000	

Color:	165	166	174

30
1
528000	540000	

Color:	163	242	54

31
1
546000	558000	

Color:	181	61	31

32
1
564000	576000	

Color:	155	115	117

33
1
582000	594000	

Color:	169	197	90

34
1
600000	612000	

Color:	169	107	215

35
1
618000	630000	

Color:	213	66	157

36
1
636000	648000	

Color:	149	138	222

37
1
654000	666000	

Color:	68	82	31

38
1
672000	684000	

Color:	240	165	123

39
1
690000	702000	

Color:	164	139	166

40
1
708000	720000	

Color:	139	184	134

41
1
726000	738000	

Color:	254	56	27

42
1
744000	756000	

Color:	28	17	104

43
1
762000	774000	

Color:	115	94	195

44
1
780000	792000	

Color:	161	197	238

45
1
798000	810000	

Color:	249	49	36

46
1
816000	828000	

Color:	178	24	134

47
1
834000	846000	

Color:	136	220	124

48
1
852000	864000	

Color:	101	172	190

Target
1
870000	882000	

Color:	133	89	39

Border
1
894000	906000	

Color:	150	67	12

Surround
1
918000	930000	

Color:	193	62	113

