FileVersion:	2


ResolutionOfTime:	 Milliseconds 


Experiment: VR Rooms 
BackgroundColor: 	0	0	0
TextColor:	255	255	255
TimeCourseColor:	255	255	255
TimeCourseThick:	3
ReferenceFuncColor:	255	255	0
ReferenceFuncThick:	3

NrOfConditions:	51

1
1
6000	10000	

Color:	153	121	178

2
1
22000	26000	

Color:	179	163	9

3
1
38000	42000	

Color:	18	82	136

4
1
54000	58000	

Color:	167	104	210

5
1
70000	74000	

Color:	184	248	136

6
1
86000	90000	

Color:	83	27	156

7
1
102000	106000	

Color:	199	108	24

8
1
118000	122000	

Color:	68	40	72

9
1
134000	138000	

Color:	113	135	117

10
1
150000	154000	

Color:	224	133	241

11
1
166000	170000	

Color:	163	245	62

12
1
182000	186000	

Color:	173	74	172

13
1
198000	202000	

Color:	178	18	65

14
1
214000	218000	

Color:	58	171	216

15
1
230000	234000	

Color:	88	200	173

16
1
246000	250000	

Color:	2	154	99

17
1
262000	266000	

Color:	234	1	118

18
1
278000	282000	

Color:	109	118	197

19
1
294000	298000	

Color:	83	201	121

20
1
310000	314000	

Color:	10	45	185

21
1
326000	330000	

Color:	121	39	87

22
1
342000	346000	

Color:	155	49	189

23
1
358000	362000	

Color:	62	234	69

24
1
374000	378000	

Color:	196	49	74

25
1
390000	394000	

Color:	24	147	175

26
1
406000	410000	

Color:	140	109	165

27
1
422000	426000	

Color:	166	174	163

28
1
438000	442000	

Color:	242	54	181

29
1
454000	458000	

Color:	61	31	155

30
1
470000	474000	

Color:	115	117	169

31
1
486000	490000	

Color:	197	90	169

32
1
502000	506000	

Color:	107	215	213

33
1
518000	522000	

Color:	66	157	149

34
1
534000	538000	

Color:	138	222	68

35
1
550000	554000	

Color:	82	31	240

36
1
566000	570000	

Color:	165	123	164

37
1
582000	586000	

Color:	139	166	139

38
1
598000	602000	

Color:	184	134	254

39
1
614000	618000	

Color:	56	27	28

40
1
630000	634000	

Color:	17	104	115

41
1
646000	650000	

Color:	94	195	161

42
1
662000	666000	

Color:	197	238	249

43
1
678000	682000	

Color:	49	36	178

44
1
694000	698000	

Color:	24	134	136

45
1
710000	714000	

Color:	220	124	101

46
1
726000	730000	

Color:	172	190	133

47
1
742000	746000	

Color:	89	39	150

48
1
758000	762000	

Color:	67	12	193

Target
1
774000	786000	

Color:	62	113	176

Border
1
798000	810000	

Color:	92	188	101

Surround
1
822000	834000	

Color:	175	180	113

