FileVersion:	2


ResolutionOfTime:	 Milliseconds 


Experiment: VR Rooms 
BackgroundColor: 	0	0	0
TextColor:	255	255	255
TimeCourseColor:	255	255	255
TimeCourseThick:	3
ReferenceFuncColor:	255	255	0
ReferenceFuncThick:	3

NrOfConditions:	9

Office 1
8
6000	10000	
102000	106000	
198000	202000	
294000	298000	
390000	394000	
486000	490000	
582000	586000	
678000	682000	

Color:	31	151	58

Office 2
8
22000	26000	
118000	122000	
214000	218000	
310000	314000	
406000	410000	
502000	506000	
598000	602000	
694000	698000	

Color:	99	149	65

Office 8
8
38000	42000	
134000	138000	
230000	234000	
326000	330000	
422000	426000	
518000	522000	
614000	618000	
710000	714000	

Color:	75	158	68

City 1
8
54000	58000	
150000	154000	
246000	250000	
342000	346000	
438000	442000	
534000	538000	
630000	634000	
726000	730000	

Color:	211	251	187

City 2
8
70000	74000	
166000	170000	
262000	266000	
358000	362000	
454000	458000	
550000	554000	
646000	650000	
742000	746000	

Color:	88	149	28

City 8
8
86000	90000	
182000	186000	
278000	282000	
374000	378000	
470000	474000	
566000	570000	
662000	666000	
758000	762000	

Color:	232	225	209

Target
1
774000	786000	

Color:	67	152	6

Border
1
798000	810000	

Color:	109	80	42

Surround
1
822000	834000	

Color:	46	108	25

