FileVersion:	2


ResolutionOfTime:	 Milliseconds 


Experiment: VR Rooms 
BackgroundColor: 	0	0	0
TextColor:	255	255	255
TimeCourseColor:	255	255	255
TimeCourseThick:	3
ReferenceFuncColor:	255	255	0
ReferenceFuncThick:	3

NrOfConditions:	51

1
1
6000	10000	

Color:	13	171	154

2
1
21000	25000	

Color:	135	187	181

3
1
33000	37000	

Color:	200	74	177

4
1
44000	48000	

Color:	142	102	16

5
1
54000	58000	

Color:	199	87	156

6
1
66000	70000	

Color:	190	27	33

7
1
75000	79000	

Color:	141	124	228

8
1
89000	93000	

Color:	204	188	14

9
1
103000	107000	

Color:	19	23	204

10
1
118000	122000	

Color:	241	175	34

11
1
129000	133000	

Color:	185	29	30

12
1
142000	146000	

Color:	164	84	167

13
1
152000	156000	

Color:	192	149	189

14
1
167000	171000	

Color:	60	188	248

15
1
178000	182000	

Color:	222	22	94

16
1
188000	192000	

Color:	95	175	153

17
1
203000	207000	

Color:	202	94	53

18
1
212000	216000	

Color:	23	197	53

19
1
226000	230000	

Color:	100	141	59

20
1
236000	240000	

Color:	164	124	39

21
1
248000	252000	

Color:	200	26	75

22
1
259000	263000	

Color:	61	136	24

23
1
268000	272000	

Color:	104	27	29

24
1
278000	282000	

Color:	201	75	154

25
1
289000	293000	

Color:	246	111	178

26
1
303000	307000	

Color:	194	111	168

27
1
312000	316000	

Color:	28	239	48

28
1
322000	326000	

Color:	68	204	125

29
1
334000	338000	

Color:	197	101	70

30
1
348000	352000	

Color:	10	172	110

31
1
359000	363000	

Color:	116	156	16

32
1
368000	372000	

Color:	81	198	178

33
1
379000	383000	

Color:	32	34	24

34
1
393000	397000	

Color:	2	108	168

35
1
408000	412000	

Color:	185	136	28

36
1
421000	425000	

Color:	162	33	35

37
1
435000	439000	

Color:	26	37	43

38
1
444000	448000	

Color:	51	81	81

39
1
457000	461000	

Color:	56	65	228

40
1
469000	473000	

Color:	180	142	48

41
1
484000	488000	

Color:	55	20	234

42
1
493000	497000	

Color:	181	143	80

43
1
506000	510000	

Color:	43	159	252

44
1
519000	523000	

Color:	44	66	102

45
1
529000	533000	

Color:	19	175	103

46
1
542000	546000	

Color:	251	103	159

47
1
555000	559000	

Color:	40	98	42

48
1
567000	571000	

Color:	194	223	90

Target
1
582000	594000	

Color:	175	76	136

Border
1
606000	618000	

Color:	213	153	86

Surround
1
630000	642000	

Color:	77	116	108

