FileVersion:	2


ResolutionOfTime:	 Milliseconds 


Experiment: VR Rooms 
BackgroundColor: 	0	0	0
TextColor:	255	255	255
TimeCourseColor:	255	255	255
TimeCourseThick:	3
ReferenceFuncColor:	255	255	0
ReferenceFuncThick:	3

NrOfConditions:	9

Office 1
8
6000	10000	
75000	79000	
152000	156000	
226000	230000	
289000	293000	
359000	363000	
435000	439000	
506000	510000	

Color:	4	229	51

Office 2
8
21000	25000	
89000	93000	
167000	171000	
236000	240000	
303000	307000	
368000	372000	
444000	448000	
519000	523000	

Color:	24	79	117

Office 8
8
33000	37000	
103000	107000	
178000	182000	
248000	252000	
312000	316000	
379000	383000	
457000	461000	
529000	533000	

Color:	26	254	85

City 1
8
44000	48000	
118000	122000	
188000	192000	
259000	263000	
322000	326000	
393000	397000	
469000	473000	
542000	546000	

Color:	76	16	77

City 2
8
54000	58000	
129000	133000	
203000	207000	
268000	272000	
334000	338000	
408000	412000	
484000	488000	
555000	559000	

Color:	12	129	195

City 8
8
66000	70000	
142000	146000	
212000	216000	
278000	282000	
348000	352000	
421000	425000	
493000	497000	
567000	571000	

Color:	161	23	21

Target
1
582000	594000	

Color:	199	231	137

Border
1
606000	618000	

Color:	28	211	87

Surround
1
630000	642000	

Color:	75	191	3

